2025-01-03T19:46:36.177Z [INFO]: Server is running (Express + Socket.io) on port 3001
2025-01-03T19:46:36.198Z [INFO]: Connected to Redis successfully.
2025-01-05T00:35:09.533Z [INFO]: Server is running (Express + Socket.io) on port 3001
2025-01-05T00:35:09.543Z [INFO]: Connected to Redis successfully.
2025-01-05T01:15:38.432Z [ERROR]: Error Creating User: Error: Unknown database 'chess_db'
2025-01-05T01:44:28.567Z [INFO]: Server is running (Express + Socket.io) on port 3001
2025-01-05T01:44:28.576Z [INFO]: Connected to Redis successfully.
2025-01-05T01:44:42.133Z [ERROR]: Error Creating User: Error: Duplicate entry 'harshypoo' for key 'users.username'
2025-01-05T02:15:35.447Z [INFO]: Server is running (Express + Socket.io) on port 3001
2025-01-05T02:15:35.462Z [INFO]: Connected to Redis successfully.
2025-01-05T02:28:31.115Z [INFO]: Server is running (Express + Socket.io) on port 3001
2025-01-05T02:28:31.122Z [INFO]: Connected to Redis successfully.
2025-01-05T22:51:59.889Z [INFO]: Server is running (Express + Socket.io) on port 3001
2025-01-05T22:51:59.932Z [INFO]: Connected to Redis successfully.
2025-01-05T22:57:39.793Z [INFO]: Server is running (Express + Socket.io) on port 3001
2025-01-05T22:57:39.823Z [INFO]: Connected to Redis successfully.
2025-01-05T23:42:47.897Z [INFO]: Server is running (Express + Socket.io) on port 3001
2025-01-05T23:42:47.918Z [INFO]: Connected to Redis successfully.
2025-01-07T02:43:01.601Z [INFO]: Server is running (Express + Socket.io) on port 3001
2025-01-07T02:43:01.611Z [ERROR]: Redis Client Error: AggregateError
2025-01-07T02:43:01.614Z [ERROR]: Redis Client Error: AggregateError
2025-01-07T02:43:01.673Z [ERROR]: Redis Client Error: AggregateError
2025-01-07T02:43:01.785Z [ERROR]: Redis Client Error: AggregateError
2025-01-07T02:43:01.943Z [ERROR]: Redis Client Error: AggregateError
2025-01-07T02:43:02.160Z [ERROR]: Redis Client Error: AggregateError
2025-01-07T02:43:02.426Z [ERROR]: Redis Client Error: AggregateError
2025-01-07T02:43:02.739Z [ERROR]: Redis Client Error: AggregateError
2025-01-07T02:43:03.098Z [ERROR]: Redis Client Error: AggregateError
2025-01-07T02:43:03.502Z [ERROR]: Redis Client Error: AggregateError
2025-01-07T02:43:03.955Z [ERROR]: Redis Client Error: AggregateError
2025-01-07T02:43:04.470Z [ERROR]: Redis Client Error: AggregateError
2025-01-07T02:43:04.973Z [ERROR]: Redis Client Error: AggregateError
2025-01-07T02:43:05.490Z [ERROR]: Redis Client Error: AggregateError
2025-01-07T02:43:06.005Z [ERROR]: Redis Client Error: AggregateError
2025-01-07T02:43:06.516Z [ERROR]: Redis Client Error: AggregateError
2025-01-07T02:43:07.029Z [ERROR]: Redis Client Error: AggregateError
2025-01-07T02:43:07.540Z [ERROR]: Redis Client Error: AggregateError
2025-01-07T02:43:08.056Z [ERROR]: Redis Client Error: AggregateError
2025-01-07T02:43:08.568Z [ERROR]: Redis Client Error: AggregateError
2025-01-07T02:43:09.082Z [ERROR]: Redis Client Error: AggregateError
2025-01-07T02:43:09.598Z [ERROR]: Redis Client Error: AggregateError
2025-01-07T02:43:10.103Z [ERROR]: Redis Client Error: AggregateError
2025-01-07T02:43:10.618Z [ERROR]: Redis Client Error: AggregateError
2025-01-07T02:43:11.131Z [ERROR]: Redis Client Error: AggregateError
2025-01-07T02:43:11.646Z [ERROR]: Redis Client Error: AggregateError
2025-01-07T02:43:12.161Z [ERROR]: Redis Client Error: AggregateError
2025-01-07T02:43:12.669Z [ERROR]: Redis Client Error: AggregateError
2025-01-07T02:43:13.181Z [ERROR]: Redis Client Error: AggregateError
2025-01-07T02:43:13.693Z [ERROR]: Redis Client Error: AggregateError
2025-01-07T02:43:14.209Z [ERROR]: Redis Client Error: AggregateError
2025-01-07T02:43:14.717Z [ERROR]: Redis Client Error: AggregateError
2025-01-07T02:43:15.227Z [ERROR]: Redis Client Error: AggregateError
2025-01-07T02:43:15.738Z [ERROR]: Redis Client Error: AggregateError
2025-01-07T02:43:16.247Z [ERROR]: Redis Client Error: AggregateError
2025-01-07T02:43:16.755Z [ERROR]: Redis Client Error: AggregateError
2025-01-07T02:43:17.264Z [ERROR]: Redis Client Error: AggregateError
2025-01-07T02:43:17.778Z [ERROR]: Redis Client Error: AggregateError
2025-01-07T02:43:18.291Z [ERROR]: Redis Client Error: AggregateError
2025-01-07T02:43:18.803Z [ERROR]: Redis Client Error: AggregateError
2025-01-07T02:43:19.315Z [ERROR]: Redis Client Error: AggregateError
2025-01-07T02:43:19.828Z [ERROR]: Redis Client Error: AggregateError
2025-01-07T02:43:20.340Z [ERROR]: Redis Client Error: AggregateError
2025-01-07T02:43:20.850Z [ERROR]: Redis Client Error: AggregateError
2025-01-07T02:43:21.359Z [ERROR]: Redis Client Error: AggregateError
2025-01-07T02:43:21.870Z [ERROR]: Redis Client Error: AggregateError
2025-01-07T02:43:22.383Z [ERROR]: Redis Client Error: AggregateError
2025-01-07T02:43:22.897Z [ERROR]: Redis Client Error: AggregateError
2025-01-07T02:43:23.409Z [ERROR]: Redis Client Error: AggregateError
2025-01-07T02:43:23.920Z [ERROR]: Redis Client Error: AggregateError
2025-01-07T02:43:24.433Z [ERROR]: Redis Client Error: AggregateError
2025-01-07T02:43:24.943Z [ERROR]: Redis Client Error: AggregateError
2025-01-07T02:43:25.459Z [ERROR]: Redis Client Error: AggregateError
2025-01-07T02:43:25.972Z [ERROR]: Redis Client Error: AggregateError
2025-01-07T02:43:26.487Z [ERROR]: Redis Client Error: AggregateError
2025-01-07T02:43:27.000Z [ERROR]: Redis Client Error: AggregateError
2025-01-07T02:43:27.515Z [ERROR]: Redis Client Error: AggregateError
2025-01-07T02:43:28.026Z [ERROR]: Redis Client Error: AggregateError
2025-01-07T02:43:28.536Z [ERROR]: Redis Client Error: AggregateError
2025-01-07T02:43:29.048Z [ERROR]: Redis Client Error: AggregateError
2025-01-07T02:43:29.565Z [ERROR]: Redis Client Error: AggregateError
2025-01-07T02:43:30.077Z [ERROR]: Redis Client Error: AggregateError
2025-01-07T02:43:30.589Z [ERROR]: Redis Client Error: AggregateError
2025-01-07T02:43:31.099Z [ERROR]: Redis Client Error: AggregateError
2025-01-07T02:43:31.609Z [ERROR]: Redis Client Error: AggregateError
2025-01-07T02:43:32.120Z [ERROR]: Redis Client Error: AggregateError
2025-01-07T02:43:32.625Z [ERROR]: Redis Client Error: AggregateError
2025-01-07T02:43:33.136Z [ERROR]: Redis Client Error: AggregateError
2025-01-07T02:43:33.648Z [ERROR]: Redis Client Error: AggregateError
2025-01-07T02:43:34.162Z [ERROR]: Redis Client Error: AggregateError
2025-01-07T02:43:34.675Z [ERROR]: Redis Client Error: AggregateError
2025-01-07T02:43:35.189Z [ERROR]: Redis Client Error: AggregateError
2025-01-07T02:43:35.704Z [ERROR]: Redis Client Error: AggregateError
2025-01-07T02:43:36.216Z [ERROR]: Redis Client Error: AggregateError
2025-01-07T02:43:36.728Z [ERROR]: Redis Client Error: AggregateError
2025-01-07T02:43:37.241Z [ERROR]: Redis Client Error: AggregateError
2025-01-07T02:43:37.754Z [ERROR]: Redis Client Error: AggregateError
2025-01-07T02:43:38.273Z [ERROR]: Redis Client Error: AggregateError
2025-01-07T02:43:38.788Z [ERROR]: Redis Client Error: AggregateError
2025-01-07T02:43:39.300Z [ERROR]: Redis Client Error: AggregateError
2025-01-07T02:43:39.813Z [ERROR]: Redis Client Error: AggregateError
2025-01-07T02:43:40.324Z [ERROR]: Redis Client Error: AggregateError
2025-01-07T02:43:40.835Z [ERROR]: Redis Client Error: AggregateError
2025-01-07T02:43:41.351Z [ERROR]: Redis Client Error: AggregateError
2025-01-07T02:43:41.861Z [ERROR]: Redis Client Error: AggregateError
2025-01-07T02:43:42.374Z [ERROR]: Redis Client Error: AggregateError
2025-01-07T02:43:42.888Z [ERROR]: Redis Client Error: AggregateError
2025-01-07T02:43:43.402Z [ERROR]: Redis Client Error: AggregateError
2025-01-07T02:43:43.917Z [ERROR]: Redis Client Error: AggregateError
2025-01-07T02:43:44.434Z [ERROR]: Redis Client Error: AggregateError
2025-01-07T02:43:44.944Z [ERROR]: Redis Client Error: AggregateError
2025-01-07T02:43:45.456Z [ERROR]: Redis Client Error: AggregateError
2025-01-07T02:43:45.970Z [ERROR]: Redis Client Error: AggregateError
2025-01-07T02:43:46.482Z [ERROR]: Redis Client Error: AggregateError
2025-01-07T02:43:46.994Z [ERROR]: Redis Client Error: AggregateError
2025-01-07T02:43:47.512Z [ERROR]: Redis Client Error: AggregateError
2025-01-07T02:43:48.023Z [ERROR]: Redis Client Error: AggregateError
2025-01-07T02:43:48.535Z [ERROR]: Redis Client Error: AggregateError
2025-01-07T02:43:49.048Z [ERROR]: Redis Client Error: AggregateError
2025-01-07T02:43:49.557Z [ERROR]: Redis Client Error: AggregateError
2025-01-07T02:43:50.067Z [ERROR]: Redis Client Error: AggregateError
2025-01-07T02:43:50.574Z [ERROR]: Redis Client Error: AggregateError
2025-01-07T02:43:51.082Z [ERROR]: Redis Client Error: AggregateError
2025-01-07T02:43:51.594Z [ERROR]: Redis Client Error: AggregateError
2025-01-07T02:43:52.107Z [ERROR]: Redis Client Error: AggregateError
2025-01-07T02:43:52.618Z [ERROR]: Redis Client Error: AggregateError
2025-01-07T02:43:53.133Z [ERROR]: Redis Client Error: AggregateError
2025-01-07T02:43:53.640Z [ERROR]: Redis Client Error: AggregateError
2025-01-07T02:43:54.148Z [ERROR]: Redis Client Error: AggregateError
2025-01-07T02:43:54.659Z [ERROR]: Redis Client Error: AggregateError
2025-01-07T02:43:55.172Z [ERROR]: Redis Client Error: AggregateError
2025-01-07T02:43:55.683Z [ERROR]: Redis Client Error: AggregateError
2025-01-07T02:43:56.198Z [ERROR]: Redis Client Error: AggregateError
2025-01-07T02:43:56.712Z [ERROR]: Redis Client Error: AggregateError
2025-01-07T02:43:57.226Z [ERROR]: Redis Client Error: AggregateError
2025-01-07T02:43:57.739Z [ERROR]: Redis Client Error: AggregateError
2025-01-07T02:43:58.253Z [ERROR]: Redis Client Error: AggregateError
2025-01-07T02:43:58.767Z [ERROR]: Redis Client Error: AggregateError
2025-01-07T02:43:59.283Z [ERROR]: Redis Client Error: AggregateError
2025-01-07T02:43:59.800Z [ERROR]: Redis Client Error: AggregateError
2025-01-07T02:44:00.313Z [ERROR]: Redis Client Error: AggregateError
2025-01-07T02:44:00.826Z [ERROR]: Redis Client Error: AggregateError
2025-01-07T02:44:01.337Z [ERROR]: Redis Client Error: AggregateError
2025-01-07T02:44:01.849Z [ERROR]: Redis Client Error: AggregateError
2025-01-07T02:44:02.362Z [ERROR]: Redis Client Error: AggregateError
2025-01-07T02:44:02.875Z [ERROR]: Redis Client Error: AggregateError
2025-01-07T02:44:03.389Z [ERROR]: Redis Client Error: AggregateError
2025-01-07T02:44:03.902Z [ERROR]: Redis Client Error: AggregateError
2025-01-07T02:44:04.412Z [ERROR]: Redis Client Error: AggregateError
2025-01-07T02:44:04.925Z [ERROR]: Redis Client Error: AggregateError
2025-01-07T02:44:05.444Z [ERROR]: Redis Client Error: AggregateError
2025-01-07T02:44:05.955Z [ERROR]: Redis Client Error: AggregateError
2025-01-07T02:44:06.467Z [ERROR]: Redis Client Error: AggregateError
2025-01-07T02:44:06.983Z [ERROR]: Redis Client Error: AggregateError
2025-01-07T02:44:07.496Z [ERROR]: Redis Client Error: AggregateError
2025-01-07T02:44:08.011Z [ERROR]: Redis Client Error: AggregateError
2025-01-07T02:44:08.525Z [ERROR]: Redis Client Error: AggregateError
2025-01-07T02:44:09.030Z [ERROR]: Redis Client Error: AggregateError
2025-01-07T02:44:09.542Z [ERROR]: Redis Client Error: AggregateError
2025-01-07T02:44:10.057Z [ERROR]: Redis Client Error: AggregateError
2025-01-07T02:44:10.567Z [ERROR]: Redis Client Error: AggregateError
2025-01-07T02:44:11.086Z [ERROR]: Redis Client Error: AggregateError
2025-01-07T02:44:11.601Z [ERROR]: Redis Client Error: AggregateError
2025-01-07T02:44:12.116Z [ERROR]: Redis Client Error: AggregateError
2025-01-07T02:44:12.630Z [ERROR]: Redis Client Error: AggregateError
2025-01-07T02:44:13.142Z [ERROR]: Redis Client Error: AggregateError
2025-01-07T02:44:13.657Z [ERROR]: Redis Client Error: AggregateError
2025-01-07T02:44:14.176Z [ERROR]: Redis Client Error: AggregateError
2025-01-07T02:44:14.687Z [ERROR]: Redis Client Error: AggregateError
2025-01-07T02:44:15.193Z [ERROR]: Redis Client Error: AggregateError
2025-01-07T02:44:15.706Z [ERROR]: Redis Client Error: AggregateError
2025-01-07T02:44:16.218Z [ERROR]: Redis Client Error: AggregateError
2025-01-07T02:44:16.730Z [ERROR]: Redis Client Error: AggregateError
2025-01-07T02:44:17.244Z [ERROR]: Redis Client Error: AggregateError
2025-01-07T02:44:17.749Z [ERROR]: Redis Client Error: AggregateError
2025-01-07T02:44:18.259Z [ERROR]: Redis Client Error: AggregateError
2025-01-07T02:44:18.771Z [ERROR]: Redis Client Error: AggregateError
2025-01-07T02:44:19.274Z [ERROR]: Redis Client Error: AggregateError
2025-01-07T02:44:19.781Z [ERROR]: Redis Client Error: AggregateError
2025-01-07T02:44:20.300Z [ERROR]: Redis Client Error: AggregateError
2025-01-07T02:44:20.809Z [ERROR]: Redis Client Error: AggregateError
2025-01-07T02:44:21.321Z [ERROR]: Redis Client Error: AggregateError
2025-01-07T02:44:21.830Z [ERROR]: Redis Client Error: AggregateError
2025-01-07T02:44:22.345Z [ERROR]: Redis Client Error: AggregateError
2025-01-07T02:44:22.857Z [ERROR]: Redis Client Error: AggregateError
2025-01-07T02:44:23.361Z [ERROR]: Redis Client Error: AggregateError
2025-01-07T02:44:23.872Z [ERROR]: Redis Client Error: AggregateError
2025-01-07T02:44:24.384Z [ERROR]: Redis Client Error: AggregateError
2025-01-07T02:44:24.895Z [ERROR]: Redis Client Error: AggregateError
2025-01-07T02:44:25.407Z [ERROR]: Redis Client Error: AggregateError
2025-01-07T02:44:25.919Z [ERROR]: Redis Client Error: AggregateError
2025-01-07T02:44:26.423Z [ERROR]: Redis Client Error: AggregateError
2025-01-07T02:44:26.930Z [ERROR]: Redis Client Error: AggregateError
2025-01-07T02:44:27.445Z [ERROR]: Redis Client Error: AggregateError
2025-01-07T02:44:27.957Z [ERROR]: Redis Client Error: AggregateError
2025-01-07T02:44:28.471Z [ERROR]: Redis Client Error: AggregateError
2025-01-07T02:44:28.974Z [ERROR]: Redis Client Error: AggregateError
2025-01-07T02:44:29.486Z [ERROR]: Redis Client Error: AggregateError
2025-01-07T02:44:30.000Z [ERROR]: Redis Client Error: AggregateError
2025-01-07T02:44:30.513Z [ERROR]: Redis Client Error: AggregateError
2025-01-07T02:44:31.028Z [ERROR]: Redis Client Error: AggregateError
2025-01-07T02:44:31.543Z [ERROR]: Redis Client Error: AggregateError
2025-01-07T02:44:32.056Z [ERROR]: Redis Client Error: AggregateError
2025-01-07T02:44:32.571Z [ERROR]: Redis Client Error: AggregateError
2025-01-07T02:44:33.085Z [ERROR]: Redis Client Error: AggregateError
2025-01-07T02:44:33.597Z [ERROR]: Redis Client Error: AggregateError
2025-01-07T02:44:34.109Z [ERROR]: Redis Client Error: AggregateError
2025-01-07T02:44:34.622Z [ERROR]: Redis Client Error: AggregateError
2025-01-07T02:44:35.139Z [ERROR]: Redis Client Error: AggregateError
2025-01-07T02:44:35.656Z [ERROR]: Redis Client Error: AggregateError
2025-01-07T02:44:36.167Z [ERROR]: Redis Client Error: AggregateError
2025-01-07T02:44:36.679Z [ERROR]: Redis Client Error: AggregateError
2025-01-07T02:44:37.189Z [ERROR]: Redis Client Error: AggregateError
2025-01-07T02:44:37.701Z [ERROR]: Redis Client Error: AggregateError
2025-01-07T02:44:38.218Z [ERROR]: Redis Client Error: AggregateError
2025-01-07T02:44:38.733Z [ERROR]: Redis Client Error: AggregateError
2025-01-07T02:44:39.247Z [ERROR]: Redis Client Error: AggregateError
2025-01-07T02:44:39.760Z [ERROR]: Redis Client Error: AggregateError
2025-01-07T02:44:40.273Z [ERROR]: Redis Client Error: AggregateError
2025-01-07T02:44:40.787Z [ERROR]: Redis Client Error: AggregateError
2025-01-07T02:44:41.293Z [ERROR]: Redis Client Error: AggregateError
2025-01-07T02:44:41.802Z [ERROR]: Redis Client Error: AggregateError
2025-01-07T02:44:42.315Z [ERROR]: Redis Client Error: AggregateError
2025-01-07T02:44:42.828Z [ERROR]: Redis Client Error: AggregateError
2025-01-07T02:44:43.339Z [ERROR]: Redis Client Error: AggregateError
2025-01-07T02:44:43.852Z [ERROR]: Redis Client Error: AggregateError
2025-01-07T02:44:44.356Z [ERROR]: Redis Client Error: AggregateError
2025-01-07T02:44:44.867Z [ERROR]: Redis Client Error: AggregateError
2025-01-07T02:44:45.380Z [ERROR]: Redis Client Error: AggregateError
2025-01-07T02:44:45.892Z [ERROR]: Redis Client Error: AggregateError
2025-01-07T02:44:46.407Z [ERROR]: Redis Client Error: AggregateError
2025-01-07T02:44:46.922Z [ERROR]: Redis Client Error: AggregateError
2025-01-07T02:44:47.437Z [ERROR]: Redis Client Error: AggregateError
2025-01-07T02:44:47.946Z [ERROR]: Redis Client Error: AggregateError
2025-01-07T02:44:48.459Z [ERROR]: Redis Client Error: AggregateError
2025-01-07T02:44:48.970Z [ERROR]: Redis Client Error: AggregateError
2025-01-07T02:44:49.484Z [ERROR]: Redis Client Error: AggregateError
2025-01-07T02:44:49.997Z [ERROR]: Redis Client Error: AggregateError
2025-01-07T02:44:50.510Z [ERROR]: Redis Client Error: AggregateError
2025-01-07T02:44:51.023Z [ERROR]: Redis Client Error: AggregateError
2025-01-07T02:44:51.538Z [ERROR]: Redis Client Error: AggregateError
2025-01-07T02:44:52.049Z [ERROR]: Redis Client Error: AggregateError
2025-01-07T02:44:52.559Z [ERROR]: Redis Client Error: AggregateError
2025-01-07T02:44:53.073Z [ERROR]: Redis Client Error: AggregateError
2025-01-07T02:44:53.585Z [ERROR]: Redis Client Error: AggregateError
2025-01-07T02:44:54.100Z [ERROR]: Redis Client Error: AggregateError
2025-01-07T02:44:54.609Z [ERROR]: Redis Client Error: AggregateError
2025-01-07T02:44:55.122Z [ERROR]: Redis Client Error: AggregateError
2025-01-07T02:44:55.633Z [ERROR]: Redis Client Error: AggregateError
2025-01-07T02:44:56.150Z [ERROR]: Redis Client Error: AggregateError
2025-01-07T02:44:56.667Z [ERROR]: Redis Client Error: AggregateError
2025-01-07T02:44:57.179Z [ERROR]: Redis Client Error: AggregateError
2025-01-07T02:44:57.693Z [ERROR]: Redis Client Error: AggregateError
2025-01-07T02:44:58.207Z [ERROR]: Redis Client Error: AggregateError
2025-01-07T02:44:58.720Z [ERROR]: Redis Client Error: AggregateError
2025-01-07T02:44:59.236Z [ERROR]: Redis Client Error: AggregateError
2025-01-07T02:44:59.745Z [ERROR]: Redis Client Error: AggregateError
2025-01-07T02:45:00.255Z [ERROR]: Redis Client Error: AggregateError
2025-01-07T02:45:00.764Z [ERROR]: Redis Client Error: AggregateError
2025-01-07T02:45:01.274Z [ERROR]: Redis Client Error: AggregateError
2025-01-07T02:45:01.790Z [ERROR]: Redis Client Error: AggregateError
2025-01-07T02:45:02.297Z [ERROR]: Redis Client Error: AggregateError
2025-01-07T02:45:02.806Z [ERROR]: Redis Client Error: AggregateError
2025-01-07T02:45:03.321Z [ERROR]: Redis Client Error: AggregateError
2025-01-07T02:45:03.834Z [ERROR]: Redis Client Error: AggregateError
2025-01-07T02:45:04.347Z [ERROR]: Redis Client Error: AggregateError
2025-01-07T02:45:04.859Z [ERROR]: Redis Client Error: AggregateError
2025-01-07T02:45:05.371Z [ERROR]: Redis Client Error: AggregateError
2025-01-07T02:45:05.882Z [ERROR]: Redis Client Error: AggregateError
2025-01-07T02:45:06.396Z [ERROR]: Redis Client Error: AggregateError
2025-01-07T02:45:06.910Z [ERROR]: Redis Client Error: AggregateError
2025-01-07T02:45:07.421Z [ERROR]: Redis Client Error: AggregateError
2025-01-07T02:45:07.933Z [ERROR]: Redis Client Error: AggregateError
2025-01-07T02:45:08.450Z [ERROR]: Redis Client Error: AggregateError
2025-01-07T02:45:08.962Z [ERROR]: Redis Client Error: AggregateError
2025-01-07T02:45:09.473Z [ERROR]: Redis Client Error: AggregateError
2025-01-07T02:45:09.983Z [ERROR]: Redis Client Error: AggregateError
2025-01-07T02:45:10.493Z [ERROR]: Redis Client Error: AggregateError
2025-01-07T02:45:11.010Z [ERROR]: Redis Client Error: AggregateError
2025-01-07T02:45:11.526Z [ERROR]: Redis Client Error: AggregateError
2025-01-07T02:45:12.042Z [ERROR]: Redis Client Error: AggregateError
2025-01-07T02:45:12.557Z [ERROR]: Redis Client Error: AggregateError
2025-01-07T02:45:13.063Z [ERROR]: Redis Client Error: AggregateError
2025-01-07T02:45:13.579Z [ERROR]: Redis Client Error: AggregateError
2025-01-07T02:45:14.098Z [ERROR]: Redis Client Error: AggregateError
2025-01-07T02:45:14.603Z [ERROR]: Redis Client Error: AggregateError
2025-01-07T02:45:15.117Z [ERROR]: Redis Client Error: AggregateError
2025-01-07T02:45:15.633Z [ERROR]: Redis Client Error: AggregateError
2025-01-07T02:45:16.144Z [ERROR]: Redis Client Error: AggregateError
2025-01-07T02:45:16.655Z [ERROR]: Redis Client Error: AggregateError
2025-01-07T02:45:17.169Z [ERROR]: Redis Client Error: AggregateError
2025-01-07T02:45:17.685Z [ERROR]: Redis Client Error: AggregateError
2025-01-07T02:45:18.197Z [ERROR]: Redis Client Error: AggregateError
2025-01-07T02:45:18.711Z [ERROR]: Redis Client Error: AggregateError
2025-01-07T02:45:19.222Z [ERROR]: Redis Client Error: AggregateError
2025-01-07T02:45:19.735Z [ERROR]: Redis Client Error: AggregateError
2025-01-07T02:45:20.246Z [ERROR]: Redis Client Error: AggregateError
2025-01-07T02:45:20.760Z [ERROR]: Redis Client Error: AggregateError
2025-01-07T02:45:21.273Z [ERROR]: Redis Client Error: AggregateError
2025-01-07T02:45:21.786Z [ERROR]: Redis Client Error: AggregateError
2025-01-07T02:45:22.298Z [ERROR]: Redis Client Error: AggregateError
2025-01-07T02:45:22.814Z [ERROR]: Redis Client Error: AggregateError
2025-01-07T02:45:23.329Z [ERROR]: Redis Client Error: AggregateError
2025-01-07T02:45:23.842Z [ERROR]: Redis Client Error: AggregateError
2025-01-07T02:45:24.351Z [ERROR]: Redis Client Error: AggregateError
2025-01-07T02:45:24.865Z [ERROR]: Redis Client Error: AggregateError
2025-01-07T02:45:25.378Z [ERROR]: Redis Client Error: AggregateError
2025-01-07T02:45:25.891Z [ERROR]: Redis Client Error: AggregateError
2025-01-07T02:45:26.409Z [ERROR]: Redis Client Error: AggregateError
2025-01-07T02:45:26.921Z [ERROR]: Redis Client Error: AggregateError
2025-01-07T02:45:27.432Z [ERROR]: Redis Client Error: AggregateError
2025-01-07T02:45:27.945Z [ERROR]: Redis Client Error: AggregateError
2025-01-07T02:45:28.460Z [ERROR]: Redis Client Error: AggregateError
2025-01-07T02:45:28.975Z [ERROR]: Redis Client Error: AggregateError
2025-01-07T02:45:29.493Z [ERROR]: Redis Client Error: AggregateError
2025-01-07T02:45:30.007Z [ERROR]: Redis Client Error: AggregateError
2025-01-07T02:45:30.520Z [ERROR]: Redis Client Error: AggregateError
2025-01-07T02:45:31.029Z [ERROR]: Redis Client Error: AggregateError
2025-01-07T02:45:31.543Z [ERROR]: Redis Client Error: AggregateError
2025-01-07T02:45:32.056Z [ERROR]: Redis Client Error: AggregateError
2025-01-07T02:45:32.571Z [ERROR]: Redis Client Error: AggregateError
2025-01-07T02:45:33.082Z [ERROR]: Redis Client Error: AggregateError
2025-01-07T02:45:33.593Z [ERROR]: Redis Client Error: AggregateError
2025-01-07T02:45:34.102Z [ERROR]: Redis Client Error: AggregateError
2025-01-07T02:45:34.615Z [ERROR]: Redis Client Error: AggregateError
2025-01-07T02:45:35.125Z [ERROR]: Redis Client Error: AggregateError
2025-01-07T02:45:35.644Z [ERROR]: Redis Client Error: AggregateError
2025-01-07T02:45:36.155Z [ERROR]: Redis Client Error: AggregateError
2025-01-07T02:45:36.669Z [ERROR]: Redis Client Error: AggregateError
2025-01-07T02:45:37.183Z [ERROR]: Redis Client Error: AggregateError
2025-01-07T02:45:37.693Z [ERROR]: Redis Client Error: AggregateError
2025-01-07T02:45:38.204Z [ERROR]: Redis Client Error: AggregateError
2025-01-07T02:45:38.724Z [ERROR]: Redis Client Error: AggregateError
2025-01-07T02:45:39.240Z [ERROR]: Redis Client Error: AggregateError
2025-01-07T02:45:39.745Z [ERROR]: Redis Client Error: AggregateError
2025-01-07T02:45:40.261Z [ERROR]: Redis Client Error: AggregateError
2025-01-07T02:45:40.773Z [ERROR]: Redis Client Error: AggregateError
2025-01-07T02:45:41.286Z [ERROR]: Redis Client Error: AggregateError
2025-01-07T02:45:41.805Z [ERROR]: Redis Client Error: AggregateError
2025-01-07T02:45:42.321Z [ERROR]: Redis Client Error: AggregateError
2025-01-07T02:45:42.832Z [ERROR]: Redis Client Error: AggregateError
2025-01-07T02:45:43.346Z [ERROR]: Redis Client Error: AggregateError
2025-01-07T02:45:43.857Z [ERROR]: Redis Client Error: AggregateError
2025-01-07T02:45:44.370Z [ERROR]: Redis Client Error: AggregateError
2025-01-07T02:45:44.888Z [ERROR]: Redis Client Error: AggregateError
2025-01-07T02:45:45.400Z [ERROR]: Redis Client Error: AggregateError
2025-01-07T02:45:45.912Z [ERROR]: Redis Client Error: AggregateError
2025-01-07T02:45:46.425Z [ERROR]: Redis Client Error: AggregateError
2025-01-07T02:45:46.937Z [ERROR]: Redis Client Error: AggregateError
2025-01-07T02:45:47.450Z [ERROR]: Redis Client Error: AggregateError
2025-01-07T02:45:47.962Z [ERROR]: Redis Client Error: AggregateError
2025-01-07T02:45:48.473Z [ERROR]: Redis Client Error: AggregateError
2025-01-07T02:45:48.982Z [ERROR]: Redis Client Error: AggregateError
2025-01-07T02:45:49.495Z [ERROR]: Redis Client Error: AggregateError
2025-01-07T02:45:50.005Z [ERROR]: Redis Client Error: AggregateError
2025-01-07T02:45:50.517Z [ERROR]: Redis Client Error: AggregateError
2025-01-07T02:45:51.028Z [ERROR]: Redis Client Error: AggregateError
2025-01-07T02:45:51.540Z [ERROR]: Redis Client Error: AggregateError
2025-01-07T02:45:52.053Z [ERROR]: Redis Client Error: AggregateError
2025-01-07T02:45:52.565Z [ERROR]: Redis Client Error: AggregateError
2025-01-07T02:45:53.078Z [ERROR]: Redis Client Error: AggregateError
2025-01-07T02:45:53.598Z [ERROR]: Redis Client Error: AggregateError
2025-01-07T02:45:54.109Z [ERROR]: Redis Client Error: AggregateError
2025-01-07T02:45:54.620Z [ERROR]: Redis Client Error: AggregateError
2025-01-07T02:45:55.133Z [ERROR]: Redis Client Error: AggregateError
2025-01-07T02:45:55.644Z [ERROR]: Redis Client Error: AggregateError
2025-01-07T02:45:56.155Z [ERROR]: Redis Client Error: AggregateError
2025-01-07T02:45:56.658Z [ERROR]: Redis Client Error: AggregateError
2025-01-07T02:45:57.169Z [ERROR]: Redis Client Error: AggregateError
2025-01-07T02:45:57.680Z [ERROR]: Redis Client Error: AggregateError
2025-01-07T02:45:58.193Z [ERROR]: Redis Client Error: AggregateError
2025-01-07T02:45:58.707Z [ERROR]: Redis Client Error: AggregateError
2025-01-07T02:45:59.219Z [ERROR]: Redis Client Error: AggregateError
2025-01-07T02:45:59.738Z [ERROR]: Redis Client Error: AggregateError
2025-01-07T02:46:00.246Z [ERROR]: Redis Client Error: AggregateError
2025-01-07T02:46:00.759Z [ERROR]: Redis Client Error: AggregateError
2025-01-07T02:46:01.271Z [ERROR]: Redis Client Error: AggregateError
2025-01-07T02:46:01.784Z [ERROR]: Redis Client Error: AggregateError
2025-01-07T02:46:02.297Z [ERROR]: Redis Client Error: AggregateError
2025-01-07T02:46:02.805Z [ERROR]: Redis Client Error: AggregateError
2025-01-07T02:46:03.312Z [ERROR]: Redis Client Error: AggregateError
2025-01-07T02:46:03.824Z [ERROR]: Redis Client Error: AggregateError
2025-01-07T02:46:04.336Z [ERROR]: Redis Client Error: AggregateError
2025-01-07T02:46:04.850Z [ERROR]: Redis Client Error: AggregateError
2025-01-07T02:46:05.365Z [ERROR]: Redis Client Error: AggregateError
2025-01-07T02:46:05.873Z [ERROR]: Redis Client Error: AggregateError
2025-01-07T02:46:06.387Z [ERROR]: Redis Client Error: AggregateError
2025-01-07T02:46:06.898Z [ERROR]: Redis Client Error: AggregateError
2025-01-07T02:46:07.408Z [ERROR]: Redis Client Error: AggregateError
2025-01-07T02:46:07.918Z [ERROR]: Redis Client Error: AggregateError
2025-01-07T02:46:08.429Z [ERROR]: Redis Client Error: AggregateError
2025-01-07T02:46:08.948Z [ERROR]: Redis Client Error: AggregateError
2025-01-07T02:46:09.461Z [ERROR]: Redis Client Error: AggregateError
2025-01-07T02:46:09.975Z [ERROR]: Redis Client Error: AggregateError
2025-01-07T02:46:10.487Z [ERROR]: Redis Client Error: AggregateError
2025-01-07T02:46:10.997Z [ERROR]: Redis Client Error: AggregateError
2025-01-07T02:46:11.510Z [ERROR]: Redis Client Error: AggregateError
2025-01-07T02:46:12.024Z [ERROR]: Redis Client Error: AggregateError
2025-01-07T02:46:12.527Z [ERROR]: Redis Client Error: AggregateError
2025-01-07T02:46:13.036Z [ERROR]: Redis Client Error: AggregateError
2025-01-07T02:46:13.548Z [ERROR]: Redis Client Error: AggregateError
2025-01-07T02:46:14.056Z [ERROR]: Redis Client Error: AggregateError
2025-01-07T02:46:14.569Z [ERROR]: Redis Client Error: AggregateError
2025-01-07T02:46:15.082Z [ERROR]: Redis Client Error: AggregateError
2025-01-07T02:46:15.597Z [ERROR]: Redis Client Error: AggregateError
2025-01-07T02:46:16.110Z [ERROR]: Redis Client Error: AggregateError
2025-01-07T02:46:16.623Z [ERROR]: Redis Client Error: AggregateError
2025-01-07T02:46:17.136Z [ERROR]: Redis Client Error: AggregateError
2025-01-07T02:46:17.647Z [ERROR]: Redis Client Error: AggregateError
2025-01-07T02:46:18.163Z [ERROR]: Redis Client Error: AggregateError
2025-01-07T02:46:18.674Z [ERROR]: Redis Client Error: AggregateError
2025-01-07T02:46:19.184Z [ERROR]: Redis Client Error: AggregateError
2025-01-07T02:46:19.693Z [ERROR]: Redis Client Error: AggregateError
2025-01-07T02:46:20.202Z [ERROR]: Redis Client Error: AggregateError
2025-01-07T02:46:20.711Z [ERROR]: Redis Client Error: AggregateError
2025-01-07T02:46:21.229Z [ERROR]: Redis Client Error: AggregateError
2025-01-07T02:46:21.742Z [ERROR]: Redis Client Error: AggregateError
2025-01-07T02:46:22.252Z [ERROR]: Redis Client Error: AggregateError
2025-01-07T02:46:22.764Z [ERROR]: Redis Client Error: AggregateError
2025-01-07T02:46:23.275Z [ERROR]: Redis Client Error: AggregateError
2025-01-07T02:46:23.786Z [ERROR]: Redis Client Error: AggregateError
2025-01-07T02:46:24.297Z [ERROR]: Redis Client Error: AggregateError
2025-01-07T02:46:24.812Z [ERROR]: Redis Client Error: AggregateError
2025-01-07T02:46:25.327Z [ERROR]: Redis Client Error: AggregateError
2025-01-07T02:46:25.838Z [ERROR]: Redis Client Error: AggregateError
2025-01-07T02:46:26.354Z [ERROR]: Redis Client Error: AggregateError
2025-01-07T02:46:26.869Z [ERROR]: Redis Client Error: AggregateError
2025-01-07T02:46:27.382Z [ERROR]: Redis Client Error: AggregateError
2025-01-07T02:46:27.896Z [ERROR]: Redis Client Error: AggregateError
2025-01-07T02:46:28.413Z [ERROR]: Redis Client Error: AggregateError
2025-01-07T02:46:28.926Z [ERROR]: Redis Client Error: AggregateError
2025-01-07T02:46:29.436Z [ERROR]: Redis Client Error: AggregateError
2025-01-07T02:46:29.949Z [ERROR]: Redis Client Error: AggregateError
2025-01-07T02:46:30.458Z [ERROR]: Redis Client Error: AggregateError
2025-01-07T02:46:30.967Z [ERROR]: Redis Client Error: AggregateError
2025-01-07T02:46:31.482Z [ERROR]: Redis Client Error: AggregateError
2025-01-07T02:46:31.993Z [ERROR]: Redis Client Error: AggregateError
2025-01-07T02:46:32.500Z [ERROR]: Redis Client Error: AggregateError
2025-01-07T02:46:33.011Z [ERROR]: Redis Client Error: AggregateError
2025-01-07T02:46:33.521Z [ERROR]: Redis Client Error: AggregateError
2025-01-07T02:46:34.033Z [ERROR]: Redis Client Error: AggregateError
2025-01-07T02:46:34.544Z [ERROR]: Redis Client Error: AggregateError
2025-01-07T02:46:35.054Z [ERROR]: Redis Client Error: AggregateError
2025-01-07T02:46:35.565Z [ERROR]: Redis Client Error: AggregateError
2025-01-07T02:46:36.075Z [ERROR]: Redis Client Error: AggregateError
2025-01-07T02:46:36.586Z [ERROR]: Redis Client Error: AggregateError
2025-01-07T02:46:37.098Z [ERROR]: Redis Client Error: AggregateError
2025-01-07T02:46:37.611Z [ERROR]: Redis Client Error: AggregateError
2025-01-07T02:46:38.125Z [ERROR]: Redis Client Error: AggregateError
2025-01-07T02:46:38.634Z [ERROR]: Redis Client Error: AggregateError
2025-01-07T02:46:39.147Z [ERROR]: Redis Client Error: AggregateError
2025-01-07T02:46:39.658Z [ERROR]: Redis Client Error: AggregateError
2025-01-07T02:46:40.169Z [ERROR]: Redis Client Error: AggregateError
2025-01-07T02:46:40.678Z [ERROR]: Redis Client Error: AggregateError
2025-01-07T02:46:41.185Z [ERROR]: Redis Client Error: AggregateError
2025-01-07T02:46:41.696Z [ERROR]: Redis Client Error: AggregateError
2025-01-07T02:46:42.206Z [ERROR]: Redis Client Error: AggregateError
2025-01-07T02:46:42.716Z [ERROR]: Redis Client Error: AggregateError
2025-01-07T02:46:43.227Z [ERROR]: Redis Client Error: AggregateError
2025-01-07T02:46:43.737Z [ERROR]: Redis Client Error: AggregateError
2025-01-07T02:46:44.248Z [ERROR]: Redis Client Error: AggregateError
2025-01-07T02:46:44.762Z [ERROR]: Redis Client Error: AggregateError
2025-01-07T02:46:45.269Z [ERROR]: Redis Client Error: AggregateError
2025-01-07T02:46:45.779Z [ERROR]: Redis Client Error: AggregateError
2025-01-07T02:46:46.288Z [ERROR]: Redis Client Error: AggregateError
2025-01-07T02:46:46.799Z [ERROR]: Redis Client Error: AggregateError
2025-01-07T02:46:47.308Z [ERROR]: Redis Client Error: AggregateError
2025-01-07T02:46:47.818Z [ERROR]: Redis Client Error: AggregateError
2025-01-07T02:46:48.332Z [ERROR]: Redis Client Error: AggregateError
2025-01-07T02:46:48.840Z [ERROR]: Redis Client Error: AggregateError
2025-01-07T02:46:49.351Z [ERROR]: Redis Client Error: AggregateError
2025-01-07T02:46:49.864Z [ERROR]: Redis Client Error: AggregateError
2025-01-07T02:46:50.367Z [ERROR]: Redis Client Error: AggregateError
2025-01-07T02:46:50.887Z [ERROR]: Redis Client Error: AggregateError
2025-01-07T02:46:51.396Z [ERROR]: Redis Client Error: AggregateError
2025-01-07T02:46:51.907Z [ERROR]: Redis Client Error: AggregateError
2025-01-07T02:46:52.414Z [ERROR]: Redis Client Error: AggregateError
2025-01-07T02:46:52.919Z [ERROR]: Redis Client Error: AggregateError
2025-01-07T02:46:53.429Z [ERROR]: Redis Client Error: AggregateError
2025-01-07T02:46:53.939Z [ERROR]: Redis Client Error: AggregateError
2025-01-07T02:46:54.446Z [ERROR]: Redis Client Error: AggregateError
2025-01-07T02:46:54.956Z [ERROR]: Redis Client Error: AggregateError
2025-01-07T02:46:55.466Z [ERROR]: Redis Client Error: AggregateError
2025-01-07T02:46:55.974Z [ERROR]: Redis Client Error: AggregateError
2025-01-07T02:46:56.484Z [ERROR]: Redis Client Error: AggregateError
2025-01-07T02:46:56.996Z [ERROR]: Redis Client Error: AggregateError
2025-01-07T02:46:57.508Z [ERROR]: Redis Client Error: AggregateError
2025-01-07T02:46:58.019Z [ERROR]: Redis Client Error: AggregateError
2025-01-07T02:46:58.529Z [ERROR]: Redis Client Error: AggregateError
2025-01-07T02:46:59.040Z [ERROR]: Redis Client Error: AggregateError
2025-01-07T02:46:59.549Z [ERROR]: Redis Client Error: AggregateError
2025-01-07T02:47:00.059Z [ERROR]: Redis Client Error: AggregateError
2025-01-07T02:47:00.569Z [ERROR]: Redis Client Error: AggregateError
2025-01-07T02:47:01.080Z [ERROR]: Redis Client Error: AggregateError
2025-01-07T02:47:01.593Z [ERROR]: Redis Client Error: AggregateError
2025-01-07T02:47:02.099Z [ERROR]: Redis Client Error: AggregateError
2025-01-07T02:47:02.606Z [ERROR]: Redis Client Error: AggregateError
2025-01-07T02:47:03.115Z [ERROR]: Redis Client Error: AggregateError
2025-01-07T02:47:03.628Z [ERROR]: Redis Client Error: AggregateError
2025-01-07T02:47:04.168Z [ERROR]: Redis Client Error: AggregateError
2025-01-07T02:47:04.698Z [ERROR]: Redis Client Error: AggregateError
2025-01-07T02:47:05.214Z [ERROR]: Redis Client Error: AggregateError
2025-01-07T02:47:05.721Z [ERROR]: Redis Client Error: AggregateError
2025-01-07T02:47:06.231Z [ERROR]: Redis Client Error: AggregateError
2025-01-07T02:47:06.744Z [ERROR]: Redis Client Error: AggregateError
2025-01-07T02:47:07.256Z [ERROR]: Redis Client Error: AggregateError
2025-01-07T02:47:07.769Z [ERROR]: Redis Client Error: AggregateError
2025-01-07T02:47:08.285Z [ERROR]: Redis Client Error: AggregateError
2025-01-07T02:47:08.793Z [ERROR]: Redis Client Error: AggregateError
2025-01-07T02:47:09.303Z [ERROR]: Redis Client Error: AggregateError
2025-01-07T02:47:09.815Z [ERROR]: Redis Client Error: AggregateError
2025-01-07T02:47:10.329Z [ERROR]: Redis Client Error: AggregateError
2025-01-07T02:47:10.840Z [ERROR]: Redis Client Error: AggregateError
2025-01-07T02:47:11.352Z [ERROR]: Redis Client Error: AggregateError
2025-01-07T02:47:11.863Z [ERROR]: Redis Client Error: AggregateError
2025-01-07T02:47:12.371Z [ERROR]: Redis Client Error: AggregateError
2025-01-07T02:47:12.877Z [ERROR]: Redis Client Error: AggregateError
2025-01-07T02:47:13.387Z [ERROR]: Redis Client Error: AggregateError
2025-01-07T02:47:13.902Z [ERROR]: Redis Client Error: AggregateError
2025-01-07T02:47:14.414Z [ERROR]: Redis Client Error: AggregateError
2025-01-07T02:47:14.932Z [ERROR]: Redis Client Error: AggregateError
2025-01-07T02:47:15.443Z [ERROR]: Redis Client Error: AggregateError
2025-01-07T02:47:15.954Z [ERROR]: Redis Client Error: AggregateError
2025-01-07T02:47:16.465Z [ERROR]: Redis Client Error: AggregateError
2025-01-07T02:47:16.977Z [ERROR]: Redis Client Error: AggregateError
2025-01-07T02:47:17.490Z [ERROR]: Redis Client Error: AggregateError
2025-01-07T02:47:17.995Z [ERROR]: Redis Client Error: AggregateError
2025-01-07T02:47:18.511Z [ERROR]: Redis Client Error: AggregateError
2025-01-07T02:47:19.021Z [ERROR]: Redis Client Error: AggregateError
2025-01-07T02:47:19.524Z [ERROR]: Redis Client Error: AggregateError
2025-01-07T02:47:20.035Z [ERROR]: Redis Client Error: AggregateError
2025-01-07T02:47:20.546Z [ERROR]: Redis Client Error: AggregateError
2025-01-07T02:47:21.059Z [ERROR]: Redis Client Error: AggregateError
2025-01-07T02:47:21.571Z [ERROR]: Redis Client Error: AggregateError
2025-01-07T02:47:22.082Z [ERROR]: Redis Client Error: AggregateError
2025-01-07T02:47:22.594Z [ERROR]: Redis Client Error: AggregateError
2025-01-07T02:47:23.109Z [ERROR]: Redis Client Error: AggregateError
2025-01-07T02:47:23.622Z [ERROR]: Redis Client Error: AggregateError
2025-01-07T02:47:24.130Z [ERROR]: Redis Client Error: AggregateError
2025-01-07T02:47:24.642Z [ERROR]: Redis Client Error: AggregateError
2025-01-07T02:47:25.148Z [ERROR]: Redis Client Error: AggregateError
2025-01-07T02:47:25.658Z [ERROR]: Redis Client Error: AggregateError
2025-01-07T02:47:26.168Z [ERROR]: Redis Client Error: AggregateError
2025-01-07T02:47:26.680Z [ERROR]: Redis Client Error: AggregateError
2025-01-07T02:47:27.190Z [ERROR]: Redis Client Error: AggregateError
2025-01-07T02:47:27.698Z [ERROR]: Redis Client Error: AggregateError
2025-01-07T02:47:28.208Z [ERROR]: Redis Client Error: AggregateError
2025-01-07T02:47:28.716Z [ERROR]: Redis Client Error: AggregateError
2025-01-07T02:47:29.224Z [ERROR]: Redis Client Error: AggregateError
2025-01-07T02:47:29.732Z [ERROR]: Redis Client Error: AggregateError
2025-01-07T02:47:30.243Z [ERROR]: Redis Client Error: AggregateError
2025-01-07T02:47:30.760Z [ERROR]: Redis Client Error: AggregateError
2025-01-07T02:47:31.277Z [ERROR]: Redis Client Error: AggregateError
2025-01-07T02:47:31.789Z [ERROR]: Redis Client Error: AggregateError
2025-01-07T02:47:32.299Z [ERROR]: Redis Client Error: AggregateError
2025-01-07T02:47:32.809Z [ERROR]: Redis Client Error: AggregateError
2025-01-07T02:47:33.320Z [ERROR]: Redis Client Error: AggregateError
2025-01-07T02:47:33.829Z [ERROR]: Redis Client Error: AggregateError
2025-01-07T02:47:34.342Z [ERROR]: Redis Client Error: AggregateError
2025-01-07T02:47:34.852Z [ERROR]: Redis Client Error: AggregateError
2025-01-07T02:47:35.364Z [ERROR]: Redis Client Error: AggregateError
2025-01-07T02:47:35.873Z [ERROR]: Redis Client Error: AggregateError
2025-01-07T02:47:36.388Z [ERROR]: Redis Client Error: AggregateError
2025-01-07T02:47:36.900Z [ERROR]: Redis Client Error: AggregateError
2025-01-07T02:47:37.410Z [ERROR]: Redis Client Error: AggregateError
2025-01-07T02:47:37.921Z [ERROR]: Redis Client Error: AggregateError
2025-01-07T02:47:38.436Z [ERROR]: Redis Client Error: AggregateError
2025-01-07T02:47:38.948Z [ERROR]: Redis Client Error: AggregateError
2025-01-07T02:47:39.460Z [ERROR]: Redis Client Error: AggregateError
2025-01-07T02:47:39.975Z [ERROR]: Redis Client Error: AggregateError
2025-01-07T02:47:40.483Z [ERROR]: Redis Client Error: AggregateError
2025-01-07T02:47:40.987Z [ERROR]: Redis Client Error: AggregateError
2025-01-07T02:47:41.495Z [ERROR]: Redis Client Error: AggregateError
2025-01-07T02:47:41.998Z [ERROR]: Redis Client Error: AggregateError
2025-01-07T02:47:42.507Z [ERROR]: Redis Client Error: AggregateError
2025-01-07T02:47:43.009Z [ERROR]: Redis Client Error: AggregateError
2025-01-07T02:47:43.517Z [ERROR]: Redis Client Error: AggregateError
2025-01-07T02:47:44.023Z [ERROR]: Redis Client Error: AggregateError
2025-01-07T02:47:44.529Z [ERROR]: Redis Client Error: AggregateError
2025-01-07T02:47:45.041Z [ERROR]: Redis Client Error: AggregateError
2025-01-07T02:47:45.555Z [ERROR]: Redis Client Error: AggregateError
2025-01-07T02:47:46.065Z [ERROR]: Redis Client Error: AggregateError
2025-01-07T02:47:46.579Z [ERROR]: Redis Client Error: AggregateError
2025-01-07T02:47:47.090Z [ERROR]: Redis Client Error: AggregateError
2025-01-07T02:47:47.600Z [ERROR]: Redis Client Error: AggregateError
2025-01-07T02:47:48.111Z [ERROR]: Redis Client Error: AggregateError
2025-01-07T02:47:48.622Z [ERROR]: Redis Client Error: AggregateError
2025-01-07T02:47:49.133Z [ERROR]: Redis Client Error: AggregateError
2025-01-07T02:47:49.639Z [ERROR]: Redis Client Error: AggregateError
2025-01-07T02:47:50.156Z [ERROR]: Redis Client Error: AggregateError
2025-01-07T02:47:50.676Z [ERROR]: Redis Client Error: AggregateError
2025-01-07T02:47:51.182Z [ERROR]: Redis Client Error: AggregateError
2025-01-07T02:47:51.693Z [ERROR]: Redis Client Error: AggregateError
2025-01-07T02:47:52.203Z [ERROR]: Redis Client Error: AggregateError
2025-01-07T02:47:52.714Z [ERROR]: Redis Client Error: AggregateError
2025-01-07T02:47:53.224Z [ERROR]: Redis Client Error: AggregateError
2025-01-07T02:47:53.739Z [ERROR]: Redis Client Error: AggregateError
2025-01-07T02:47:54.252Z [ERROR]: Redis Client Error: AggregateError
2025-01-07T02:47:54.763Z [ERROR]: Redis Client Error: AggregateError
2025-01-07T02:47:55.273Z [ERROR]: Redis Client Error: AggregateError
2025-01-07T02:47:55.786Z [ERROR]: Redis Client Error: AggregateError
2025-01-07T02:47:56.303Z [ERROR]: Redis Client Error: AggregateError
2025-01-07T02:47:56.814Z [ERROR]: Redis Client Error: AggregateError
2025-01-07T02:47:57.328Z [ERROR]: Redis Client Error: AggregateError
2025-01-07T02:47:57.842Z [ERROR]: Redis Client Error: AggregateError
2025-01-07T02:47:58.357Z [ERROR]: Redis Client Error: AggregateError
2025-01-07T02:47:58.871Z [ERROR]: Redis Client Error: AggregateError
2025-01-07T02:47:59.384Z [ERROR]: Redis Client Error: AggregateError
2025-01-07T02:47:59.893Z [ERROR]: Redis Client Error: AggregateError
2025-01-07T02:48:00.405Z [ERROR]: Redis Client Error: AggregateError
2025-01-07T02:48:00.916Z [ERROR]: Redis Client Error: AggregateError
2025-01-07T02:48:01.430Z [ERROR]: Redis Client Error: AggregateError
2025-01-07T02:48:01.947Z [ERROR]: Redis Client Error: AggregateError
2025-01-07T02:48:02.457Z [ERROR]: Redis Client Error: AggregateError
2025-01-07T02:48:02.969Z [ERROR]: Redis Client Error: AggregateError
2025-01-07T02:48:03.484Z [ERROR]: Redis Client Error: AggregateError
2025-01-07T02:48:03.994Z [ERROR]: Redis Client Error: AggregateError
2025-01-07T02:48:04.500Z [ERROR]: Redis Client Error: AggregateError
2025-01-07T02:48:05.013Z [ERROR]: Redis Client Error: AggregateError
2025-01-07T02:48:05.529Z [ERROR]: Redis Client Error: AggregateError
2025-01-07T02:48:06.040Z [ERROR]: Redis Client Error: AggregateError
2025-01-07T02:48:06.549Z [ERROR]: Redis Client Error: AggregateError
2025-01-07T02:48:07.062Z [ERROR]: Redis Client Error: AggregateError
2025-01-07T02:48:07.573Z [ERROR]: Redis Client Error: AggregateError
2025-01-07T02:48:08.088Z [ERROR]: Redis Client Error: AggregateError
2025-01-07T02:48:08.601Z [ERROR]: Redis Client Error: AggregateError
2025-01-07T02:48:09.113Z [ERROR]: Redis Client Error: AggregateError
2025-01-07T02:48:09.630Z [ERROR]: Redis Client Error: AggregateError
2025-01-07T02:48:10.142Z [ERROR]: Redis Client Error: AggregateError
2025-01-07T02:48:10.655Z [ERROR]: Redis Client Error: AggregateError
2025-01-07T02:48:11.167Z [ERROR]: Redis Client Error: AggregateError
2025-01-07T02:48:11.683Z [ERROR]: Redis Client Error: AggregateError
2025-01-07T02:48:12.195Z [ERROR]: Redis Client Error: AggregateError
2025-01-07T02:48:12.709Z [ERROR]: Redis Client Error: AggregateError
2025-01-07T02:48:13.222Z [ERROR]: Redis Client Error: AggregateError
2025-01-07T02:48:13.734Z [ERROR]: Redis Client Error: AggregateError
2025-01-07T02:48:14.245Z [ERROR]: Redis Client Error: AggregateError
2025-01-07T02:48:14.756Z [ERROR]: Redis Client Error: AggregateError
2025-01-07T02:48:15.267Z [ERROR]: Redis Client Error: AggregateError
2025-01-07T02:48:15.779Z [ERROR]: Redis Client Error: AggregateError
2025-01-07T02:48:16.295Z [ERROR]: Redis Client Error: AggregateError
2025-01-07T02:48:16.806Z [ERROR]: Redis Client Error: AggregateError
2025-01-07T02:48:17.320Z [ERROR]: Redis Client Error: AggregateError
2025-01-07T02:48:17.833Z [ERROR]: Redis Client Error: AggregateError
2025-01-07T02:48:18.343Z [ERROR]: Redis Client Error: AggregateError
2025-01-07T02:48:18.856Z [ERROR]: Redis Client Error: AggregateError
2025-01-07T02:48:19.371Z [ERROR]: Redis Client Error: AggregateError
2025-01-07T02:48:19.882Z [ERROR]: Redis Client Error: AggregateError
2025-01-07T02:48:20.392Z [ERROR]: Redis Client Error: AggregateError
2025-01-07T02:48:20.912Z [ERROR]: Redis Client Error: AggregateError
2025-01-07T02:48:21.424Z [ERROR]: Redis Client Error: AggregateError
2025-01-07T02:48:21.936Z [ERROR]: Redis Client Error: AggregateError
2025-01-07T02:48:22.448Z [ERROR]: Redis Client Error: AggregateError
2025-01-07T02:48:22.959Z [ERROR]: Redis Client Error: AggregateError
2025-01-07T02:48:23.473Z [ERROR]: Redis Client Error: AggregateError
2025-01-07T02:48:23.985Z [ERROR]: Redis Client Error: AggregateError
2025-01-07T02:48:24.502Z [ERROR]: Redis Client Error: AggregateError
2025-01-07T02:48:25.016Z [ERROR]: Redis Client Error: AggregateError
2025-01-07T02:48:25.528Z [ERROR]: Redis Client Error: AggregateError
2025-01-07T02:48:26.038Z [ERROR]: Redis Client Error: AggregateError
2025-01-07T02:48:26.552Z [ERROR]: Redis Client Error: AggregateError
2025-01-07T02:48:27.064Z [ERROR]: Redis Client Error: AggregateError
2025-01-07T02:48:27.576Z [ERROR]: Redis Client Error: AggregateError
2025-01-07T02:48:28.090Z [ERROR]: Redis Client Error: AggregateError
2025-01-07T02:48:28.607Z [ERROR]: Redis Client Error: AggregateError
2025-01-07T02:48:29.114Z [ERROR]: Redis Client Error: AggregateError
2025-01-07T02:48:29.623Z [ERROR]: Redis Client Error: AggregateError
2025-01-07T02:48:30.133Z [ERROR]: Redis Client Error: AggregateError
2025-01-07T02:48:30.645Z [ERROR]: Redis Client Error: AggregateError
2025-01-07T02:48:31.158Z [ERROR]: Redis Client Error: AggregateError
2025-01-07T02:48:31.675Z [ERROR]: Redis Client Error: AggregateError
2025-01-07T02:48:32.187Z [ERROR]: Redis Client Error: AggregateError
2025-01-07T02:48:32.699Z [ERROR]: Redis Client Error: AggregateError
2025-01-07T02:48:33.214Z [ERROR]: Redis Client Error: AggregateError
2025-01-07T02:48:33.728Z [ERROR]: Redis Client Error: AggregateError
2025-01-07T02:48:34.241Z [ERROR]: Redis Client Error: AggregateError
2025-01-07T02:48:34.752Z [ERROR]: Redis Client Error: AggregateError
2025-01-07T02:48:35.269Z [ERROR]: Redis Client Error: AggregateError
2025-01-07T02:48:35.783Z [ERROR]: Redis Client Error: AggregateError
2025-01-07T02:48:36.296Z [ERROR]: Redis Client Error: AggregateError
2025-01-07T02:48:36.810Z [ERROR]: Redis Client Error: AggregateError
2025-01-07T02:48:37.325Z [ERROR]: Redis Client Error: AggregateError
2025-01-07T02:48:37.835Z [ERROR]: Redis Client Error: AggregateError
2025-01-07T02:48:38.348Z [ERROR]: Redis Client Error: AggregateError
2025-01-07T02:48:38.863Z [ERROR]: Redis Client Error: AggregateError
2025-01-07T02:48:39.369Z [ERROR]: Redis Client Error: AggregateError
2025-01-07T02:48:39.880Z [ERROR]: Redis Client Error: AggregateError
2025-01-07T02:48:40.391Z [ERROR]: Redis Client Error: AggregateError
2025-01-07T02:48:40.904Z [ERROR]: Redis Client Error: AggregateError
2025-01-07T02:48:41.414Z [ERROR]: Redis Client Error: AggregateError
2025-01-07T02:48:41.927Z [ERROR]: Redis Client Error: AggregateError
2025-01-07T02:48:42.440Z [ERROR]: Redis Client Error: AggregateError
2025-01-07T02:48:42.961Z [ERROR]: Redis Client Error: AggregateError
2025-01-07T02:48:43.469Z [ERROR]: Redis Client Error: AggregateError
2025-01-07T02:48:43.980Z [ERROR]: Redis Client Error: AggregateError
2025-01-07T02:48:44.489Z [ERROR]: Redis Client Error: AggregateError
2025-01-07T02:48:45.004Z [ERROR]: Redis Client Error: AggregateError
2025-01-07T02:48:45.514Z [ERROR]: Redis Client Error: AggregateError
2025-01-07T02:48:46.026Z [ERROR]: Redis Client Error: AggregateError
2025-01-07T02:48:46.540Z [ERROR]: Redis Client Error: AggregateError
2025-01-07T02:48:47.055Z [ERROR]: Redis Client Error: AggregateError
2025-01-07T02:48:47.567Z [ERROR]: Redis Client Error: AggregateError
2025-01-07T02:48:48.081Z [ERROR]: Redis Client Error: AggregateError
2025-01-07T02:48:48.592Z [ERROR]: Redis Client Error: AggregateError
2025-01-07T02:48:49.104Z [ERROR]: Redis Client Error: AggregateError
2025-01-07T02:48:49.612Z [ERROR]: Redis Client Error: AggregateError
2025-01-07T02:48:50.122Z [ERROR]: Redis Client Error: AggregateError
2025-01-07T02:48:50.642Z [ERROR]: Redis Client Error: AggregateError
2025-01-07T02:48:51.150Z [ERROR]: Redis Client Error: AggregateError
2025-01-07T02:48:51.661Z [ERROR]: Redis Client Error: AggregateError
2025-01-07T02:48:52.183Z [ERROR]: Redis Client Error: AggregateError
2025-01-07T02:48:52.688Z [ERROR]: Redis Client Error: AggregateError
2025-01-07T02:48:53.196Z [ERROR]: Redis Client Error: AggregateError
2025-01-07T02:48:53.708Z [ERROR]: Redis Client Error: AggregateError
2025-01-07T02:48:54.218Z [ERROR]: Redis Client Error: AggregateError
2025-01-07T02:48:54.735Z [ERROR]: Redis Client Error: AggregateError
2025-01-07T02:48:55.246Z [ERROR]: Redis Client Error: AggregateError
2025-01-07T02:48:55.759Z [ERROR]: Redis Client Error: AggregateError
2025-01-07T02:48:56.274Z [ERROR]: Redis Client Error: AggregateError
2025-01-07T02:48:56.789Z [ERROR]: Redis Client Error: AggregateError
2025-01-07T02:48:57.302Z [ERROR]: Redis Client Error: AggregateError
2025-01-07T02:48:57.818Z [ERROR]: Redis Client Error: AggregateError
2025-01-07T02:48:58.329Z [ERROR]: Redis Client Error: AggregateError
2025-01-07T02:48:58.844Z [ERROR]: Redis Client Error: AggregateError
2025-01-07T02:48:59.361Z [ERROR]: Redis Client Error: AggregateError
2025-01-07T02:48:59.875Z [ERROR]: Redis Client Error: AggregateError
2025-01-07T02:49:00.384Z [ERROR]: Redis Client Error: AggregateError
2025-01-07T02:49:00.897Z [ERROR]: Redis Client Error: AggregateError
2025-01-07T02:49:01.413Z [ERROR]: Redis Client Error: AggregateError
2025-01-07T02:49:01.922Z [ERROR]: Redis Client Error: AggregateError
2025-01-07T02:49:02.438Z [ERROR]: Redis Client Error: AggregateError
2025-01-07T02:49:02.952Z [ERROR]: Redis Client Error: AggregateError
2025-01-07T02:49:03.464Z [ERROR]: Redis Client Error: AggregateError
2025-01-07T02:49:03.979Z [ERROR]: Redis Client Error: AggregateError
2025-01-07T02:49:04.494Z [ERROR]: Redis Client Error: AggregateError
2025-01-07T02:49:05.008Z [ERROR]: Redis Client Error: AggregateError
2025-01-07T02:49:05.522Z [ERROR]: Redis Client Error: AggregateError
2025-01-07T02:49:06.028Z [ERROR]: Redis Client Error: AggregateError
2025-01-07T02:49:06.543Z [ERROR]: Redis Client Error: AggregateError
2025-01-07T02:49:07.053Z [ERROR]: Redis Client Error: AggregateError
2025-01-07T02:49:07.567Z [ERROR]: Redis Client Error: AggregateError
2025-01-07T02:49:08.082Z [ERROR]: Redis Client Error: AggregateError
2025-01-07T02:49:08.587Z [ERROR]: Redis Client Error: AggregateError
2025-01-07T02:49:09.102Z [ERROR]: Redis Client Error: AggregateError
2025-01-07T02:49:09.612Z [ERROR]: Redis Client Error: AggregateError
2025-01-07T02:49:10.125Z [ERROR]: Redis Client Error: AggregateError
2025-01-07T02:49:10.639Z [ERROR]: Redis Client Error: AggregateError
2025-01-07T02:49:11.146Z [ERROR]: Redis Client Error: AggregateError
2025-01-07T02:49:11.652Z [ERROR]: Redis Client Error: AggregateError
2025-01-07T02:49:12.166Z [ERROR]: Redis Client Error: AggregateError
2025-01-07T02:49:12.681Z [ERROR]: Redis Client Error: AggregateError
2025-01-07T02:49:13.197Z [ERROR]: Redis Client Error: AggregateError
2025-01-07T02:49:13.706Z [ERROR]: Redis Client Error: AggregateError
2025-01-07T02:49:14.220Z [ERROR]: Redis Client Error: AggregateError
2025-01-07T02:49:14.730Z [ERROR]: Redis Client Error: AggregateError
2025-01-07T02:49:15.235Z [ERROR]: Redis Client Error: AggregateError
2025-01-07T02:49:15.747Z [ERROR]: Redis Client Error: AggregateError
2025-01-07T02:49:16.262Z [ERROR]: Redis Client Error: AggregateError
2025-01-07T02:49:16.773Z [ERROR]: Redis Client Error: AggregateError
2025-01-07T02:49:17.290Z [ERROR]: Redis Client Error: AggregateError
2025-01-07T02:49:17.804Z [ERROR]: Redis Client Error: AggregateError
2025-01-07T02:49:18.324Z [ERROR]: Redis Client Error: AggregateError
2025-01-07T02:49:18.840Z [ERROR]: Redis Client Error: AggregateError
2025-01-07T02:49:19.353Z [ERROR]: Redis Client Error: AggregateError
2025-01-07T02:49:19.860Z [ERROR]: Redis Client Error: AggregateError
2025-01-07T02:49:20.377Z [ERROR]: Redis Client Error: AggregateError
2025-01-07T02:49:20.893Z [ERROR]: Redis Client Error: AggregateError
2025-01-07T02:49:21.398Z [ERROR]: Redis Client Error: AggregateError
2025-01-07T02:49:21.913Z [ERROR]: Redis Client Error: AggregateError
2025-01-07T02:49:22.424Z [ERROR]: Redis Client Error: AggregateError
2025-01-07T02:49:22.933Z [ERROR]: Redis Client Error: AggregateError
2025-01-07T02:49:23.446Z [ERROR]: Redis Client Error: AggregateError
2025-01-07T02:49:23.957Z [ERROR]: Redis Client Error: AggregateError
2025-01-07T02:49:24.470Z [ERROR]: Redis Client Error: AggregateError
2025-01-07T02:49:24.982Z [ERROR]: Redis Client Error: AggregateError
2025-01-07T02:49:25.496Z [ERROR]: Redis Client Error: AggregateError
2025-01-07T02:49:26.010Z [ERROR]: Redis Client Error: AggregateError
2025-01-07T02:49:26.525Z [ERROR]: Redis Client Error: AggregateError
2025-01-07T02:49:27.035Z [ERROR]: Redis Client Error: AggregateError
2025-01-07T02:49:27.548Z [ERROR]: Redis Client Error: AggregateError
2025-01-07T02:49:28.060Z [ERROR]: Redis Client Error: AggregateError
2025-01-07T02:49:28.576Z [ERROR]: Redis Client Error: AggregateError
2025-01-07T02:49:29.080Z [ERROR]: Redis Client Error: AggregateError
2025-01-07T02:49:29.594Z [ERROR]: Redis Client Error: AggregateError
2025-01-07T02:49:30.106Z [ERROR]: Redis Client Error: AggregateError
2025-01-07T02:49:30.618Z [ERROR]: Redis Client Error: AggregateError
2025-01-07T02:49:31.133Z [ERROR]: Redis Client Error: AggregateError
2025-01-07T02:49:31.648Z [ERROR]: Redis Client Error: AggregateError
2025-01-07T02:49:32.163Z [ERROR]: Redis Client Error: AggregateError
2025-01-07T02:49:32.677Z [ERROR]: Redis Client Error: AggregateError
2025-01-07T02:49:33.186Z [ERROR]: Redis Client Error: AggregateError
2025-01-07T02:49:33.701Z [ERROR]: Redis Client Error: AggregateError
2025-01-07T02:49:34.217Z [ERROR]: Redis Client Error: AggregateError
2025-01-07T02:49:34.727Z [ERROR]: Redis Client Error: AggregateError
2025-01-07T02:49:35.242Z [ERROR]: Redis Client Error: AggregateError
2025-01-07T02:49:35.746Z [ERROR]: Redis Client Error: AggregateError
2025-01-07T02:49:36.249Z [ERROR]: Redis Client Error: AggregateError
2025-01-07T02:49:36.756Z [ERROR]: Redis Client Error: AggregateError
2025-01-07T02:49:37.263Z [ERROR]: Redis Client Error: AggregateError
2025-01-07T02:49:37.777Z [ERROR]: Redis Client Error: AggregateError
2025-01-07T02:49:38.296Z [ERROR]: Redis Client Error: AggregateError
2025-01-07T02:49:38.804Z [ERROR]: Redis Client Error: AggregateError
2025-01-07T02:49:39.319Z [ERROR]: Redis Client Error: AggregateError
2025-01-07T02:49:39.824Z [ERROR]: Redis Client Error: AggregateError
2025-01-07T02:49:40.332Z [ERROR]: Redis Client Error: AggregateError
2025-01-07T02:49:40.844Z [ERROR]: Redis Client Error: AggregateError
2025-01-07T02:49:41.357Z [ERROR]: Redis Client Error: AggregateError
2025-01-07T02:49:41.866Z [ERROR]: Redis Client Error: AggregateError
2025-01-07T02:49:42.381Z [ERROR]: Redis Client Error: AggregateError
2025-01-07T02:49:42.888Z [ERROR]: Redis Client Error: AggregateError
2025-01-07T02:49:43.403Z [ERROR]: Redis Client Error: AggregateError
2025-01-07T02:49:43.915Z [ERROR]: Redis Client Error: AggregateError
2025-01-07T02:49:44.427Z [ERROR]: Redis Client Error: AggregateError
2025-01-07T02:49:44.936Z [ERROR]: Redis Client Error: AggregateError
2025-01-07T02:49:45.440Z [ERROR]: Redis Client Error: AggregateError
2025-01-07T02:49:45.953Z [ERROR]: Redis Client Error: AggregateError
2025-01-07T02:49:46.466Z [ERROR]: Redis Client Error: AggregateError
2025-01-07T02:49:46.982Z [ERROR]: Redis Client Error: AggregateError
2025-01-07T02:49:47.497Z [ERROR]: Redis Client Error: AggregateError
2025-01-07T02:49:48.011Z [ERROR]: Redis Client Error: AggregateError
2025-01-07T02:49:48.529Z [ERROR]: Redis Client Error: AggregateError
2025-01-07T02:49:49.042Z [ERROR]: Redis Client Error: AggregateError
2025-01-07T02:49:49.553Z [ERROR]: Redis Client Error: AggregateError
2025-01-07T02:49:50.068Z [ERROR]: Redis Client Error: AggregateError
2025-01-07T02:49:50.602Z [ERROR]: Redis Client Error: AggregateError
2025-01-07T02:49:51.110Z [ERROR]: Redis Client Error: AggregateError
2025-01-07T02:49:51.621Z [ERROR]: Redis Client Error: AggregateError
2025-01-07T02:49:52.139Z [ERROR]: Redis Client Error: AggregateError
2025-01-07T02:49:52.654Z [ERROR]: Redis Client Error: AggregateError
2025-01-07T02:49:53.170Z [ERROR]: Redis Client Error: AggregateError
2025-01-07T02:49:53.685Z [ERROR]: Redis Client Error: AggregateError
2025-01-07T02:49:54.201Z [ERROR]: Redis Client Error: AggregateError
2025-01-07T02:49:54.714Z [ERROR]: Redis Client Error: AggregateError
2025-01-07T02:49:55.229Z [ERROR]: Redis Client Error: AggregateError
2025-01-07T02:49:55.741Z [ERROR]: Redis Client Error: AggregateError
2025-01-07T02:49:56.256Z [ERROR]: Redis Client Error: AggregateError
2025-01-07T02:49:56.767Z [ERROR]: Redis Client Error: AggregateError
2025-01-07T02:49:57.285Z [ERROR]: Redis Client Error: AggregateError
2025-01-07T02:49:57.799Z [ERROR]: Redis Client Error: AggregateError
2025-01-07T02:49:58.313Z [ERROR]: Redis Client Error: AggregateError
2025-01-07T02:49:58.825Z [ERROR]: Redis Client Error: AggregateError
2025-01-07T02:49:59.338Z [ERROR]: Redis Client Error: AggregateError
2025-01-07T02:49:59.847Z [ERROR]: Redis Client Error: AggregateError
2025-01-07T02:50:00.360Z [ERROR]: Redis Client Error: AggregateError
2025-01-07T02:50:00.871Z [ERROR]: Redis Client Error: AggregateError
2025-01-07T02:50:01.385Z [ERROR]: Redis Client Error: AggregateError
2025-01-07T02:50:01.900Z [ERROR]: Redis Client Error: AggregateError
2025-01-07T02:50:02.415Z [ERROR]: Redis Client Error: AggregateError
2025-01-07T02:50:02.929Z [ERROR]: Redis Client Error: AggregateError
2025-01-07T02:50:03.444Z [ERROR]: Redis Client Error: AggregateError
2025-01-07T02:50:03.960Z [ERROR]: Redis Client Error: AggregateError
2025-01-07T02:50:04.477Z [ERROR]: Redis Client Error: AggregateError
2025-01-07T02:50:04.987Z [ERROR]: Redis Client Error: AggregateError
2025-01-07T02:50:05.498Z [ERROR]: Redis Client Error: AggregateError
2025-01-07T02:50:06.011Z [ERROR]: Redis Client Error: AggregateError
2025-01-07T02:50:06.523Z [ERROR]: Redis Client Error: AggregateError
2025-01-07T02:50:07.035Z [ERROR]: Redis Client Error: AggregateError
2025-01-07T02:50:07.551Z [ERROR]: Redis Client Error: AggregateError
2025-01-07T02:50:08.062Z [ERROR]: Redis Client Error: AggregateError
2025-01-07T02:50:08.578Z [ERROR]: Redis Client Error: AggregateError
2025-01-07T02:50:09.091Z [ERROR]: Redis Client Error: AggregateError
2025-01-07T02:50:09.602Z [ERROR]: Redis Client Error: AggregateError
2025-01-07T02:50:10.113Z [ERROR]: Redis Client Error: AggregateError
2025-01-07T02:50:10.625Z [ERROR]: Redis Client Error: AggregateError
2025-01-07T02:50:11.134Z [ERROR]: Redis Client Error: AggregateError
2025-01-07T02:50:11.643Z [ERROR]: Redis Client Error: AggregateError
2025-01-07T02:50:12.155Z [ERROR]: Redis Client Error: AggregateError
2025-01-07T02:50:12.673Z [ERROR]: Redis Client Error: AggregateError
2025-01-07T02:50:13.187Z [ERROR]: Redis Client Error: AggregateError
2025-01-07T02:50:13.698Z [ERROR]: Redis Client Error: AggregateError
2025-01-07T02:50:14.202Z [ERROR]: Redis Client Error: AggregateError
2025-01-07T02:50:14.717Z [ERROR]: Redis Client Error: AggregateError
2025-01-07T02:50:15.228Z [ERROR]: Redis Client Error: AggregateError
2025-01-07T02:50:15.742Z [ERROR]: Redis Client Error: AggregateError
2025-01-07T02:50:16.256Z [ERROR]: Redis Client Error: AggregateError
2025-01-07T02:50:16.768Z [ERROR]: Redis Client Error: AggregateError
2025-01-07T02:50:17.282Z [ERROR]: Redis Client Error: AggregateError
2025-01-07T02:50:17.796Z [ERROR]: Redis Client Error: AggregateError
2025-01-07T02:50:18.309Z [ERROR]: Redis Client Error: AggregateError
2025-01-07T02:50:18.824Z [ERROR]: Redis Client Error: AggregateError
2025-01-07T02:50:19.336Z [ERROR]: Redis Client Error: AggregateError
2025-01-07T02:50:19.850Z [ERROR]: Redis Client Error: AggregateError
2025-01-07T02:50:20.363Z [ERROR]: Redis Client Error: AggregateError
2025-01-07T02:50:20.883Z [ERROR]: Redis Client Error: AggregateError
2025-01-07T02:50:21.399Z [ERROR]: Redis Client Error: AggregateError
2025-01-07T02:50:21.914Z [ERROR]: Redis Client Error: AggregateError
2025-01-07T02:50:22.427Z [ERROR]: Redis Client Error: AggregateError
2025-01-07T02:50:22.940Z [ERROR]: Redis Client Error: AggregateError
2025-01-07T02:50:23.453Z [ERROR]: Redis Client Error: AggregateError
2025-01-07T02:50:23.967Z [ERROR]: Redis Client Error: AggregateError
2025-01-07T02:50:24.483Z [ERROR]: Redis Client Error: AggregateError
2025-01-07T02:50:24.996Z [ERROR]: Redis Client Error: AggregateError
2025-01-07T02:50:25.508Z [ERROR]: Redis Client Error: AggregateError
2025-01-07T02:50:26.022Z [ERROR]: Redis Client Error: AggregateError
2025-01-07T02:50:26.538Z [ERROR]: Redis Client Error: AggregateError
2025-01-07T02:50:27.049Z [ERROR]: Redis Client Error: AggregateError
2025-01-07T02:50:27.562Z [ERROR]: Redis Client Error: AggregateError
2025-01-07T02:50:28.079Z [ERROR]: Redis Client Error: AggregateError
2025-01-07T02:50:28.591Z [ERROR]: Redis Client Error: AggregateError
2025-01-07T02:50:29.104Z [ERROR]: Redis Client Error: AggregateError
2025-01-07T02:50:29.617Z [ERROR]: Redis Client Error: AggregateError
2025-01-07T02:50:30.132Z [ERROR]: Redis Client Error: AggregateError
2025-01-07T02:50:30.645Z [ERROR]: Redis Client Error: AggregateError
2025-01-07T02:50:31.159Z [ERROR]: Redis Client Error: AggregateError
2025-01-07T02:50:31.671Z [ERROR]: Redis Client Error: AggregateError
2025-01-07T02:50:32.178Z [ERROR]: Redis Client Error: AggregateError
2025-01-07T02:50:32.687Z [ERROR]: Redis Client Error: AggregateError
2025-01-07T02:50:33.196Z [ERROR]: Redis Client Error: AggregateError
2025-01-07T02:50:33.707Z [ERROR]: Redis Client Error: AggregateError
2025-01-07T02:50:34.214Z [ERROR]: Redis Client Error: AggregateError
2025-01-07T02:50:34.719Z [ERROR]: Redis Client Error: AggregateError
2025-01-07T02:50:35.232Z [ERROR]: Redis Client Error: AggregateError
2025-01-07T02:50:35.747Z [ERROR]: Redis Client Error: AggregateError
2025-01-07T02:50:36.261Z [ERROR]: Redis Client Error: AggregateError
2025-01-07T02:50:36.771Z [ERROR]: Redis Client Error: AggregateError
2025-01-07T02:50:37.287Z [ERROR]: Redis Client Error: AggregateError
2025-01-07T02:50:37.799Z [ERROR]: Redis Client Error: AggregateError
2025-01-07T02:50:38.311Z [ERROR]: Redis Client Error: AggregateError
2025-01-07T02:50:38.825Z [ERROR]: Redis Client Error: AggregateError
2025-01-07T02:50:39.339Z [ERROR]: Redis Client Error: AggregateError
2025-01-07T02:50:39.843Z [ERROR]: Redis Client Error: AggregateError
2025-01-07T03:05:17.540Z [INFO]: Server is running (Express + Socket.io) on port 3001
2025-01-07T03:05:17.548Z [INFO]: Connected to Redis successfully.
2025-01-07T03:21:05.214Z [INFO]: Server is running (Express + Socket.io) on port 3001
2025-01-07T03:21:05.221Z [INFO]: Connected to Redis successfully.
2025-01-07T03:21:08.254Z [INFO]: Socket.IO authenticated for user ID: 1
2025-01-07T03:21:55.333Z [INFO]: Server is running (Express + Socket.io) on port 3001
2025-01-07T03:21:55.341Z [INFO]: Connected to Redis successfully.
2025-01-07T03:23:07.903Z [INFO]: Socket.IO authenticated for user ID: 1
2025-01-07T03:24:03.953Z [INFO]: Socket.IO authenticated for user ID: 3
2025-01-07T03:45:28.497Z [INFO]: Server is running (Express + Socket.io) on port 3001
2025-01-07T03:45:28.506Z [INFO]: Connected to Redis successfully.
